<component name="libraryTable">
  <library name="junit4-4.8.2">
    <CLASSES>
      <root url="jar://$USER_HOME$/Downloads/junit4jars/junit4-4.8.2.jar!/" />
      <root url="jar://$USER_HOME$/Downloads/junit4jars/hamcrest-core-1.3.jar!/" />
    </CLASSES>
    <JAVADOC />
    <SOURCES />
  </library>
</component>